# JRE version: OpenJDK Runtime Environment (11.0.15) (build 11.0.15+0-b2043.56-9505619)
# Java VM: OpenJDK 64-Bit Server VM (11.0.15+0-b2043.56-9505619, mixed mode, tiered, compressed oops, g1 gc, windows-amd64)
Heap:
 garbage-first heap   total 226304K, used 140286K [0x00000000a0000000, 0x0000000100000000)
  region size 1024K, 2 young (2048K), 2 survivors (2048K)
 Metaspace       used 83035K, capacity 87088K, committed 87376K, reserved 1124352K
  class space    used 10779K, capacity 11950K, committed 12032K, reserved 1048576K
GC Heap History (20 events):
Event: 34.898 GC heap after
{Heap after GC invocations=47 (full 0):
 garbage-first heap   total 152576K, used 125704K [0x00000000a0000000, 0x0000000100000000)
  region size 1024K, 2 young (2048K), 2 survivors (2048K)
 Metaspace       used 80774K, capacity 84230K, committed 84432K, reserved 1122304K
  class space    used 10497K, capacity 11542K, committed 11648K, reserved 1048576K
}
Event: 35.128 GC heap before
{Heap before GC invocations=47 (full 0):
 garbage-first heap   total 152576K, used 132872K [0x00000000a0000000, 0x0000000100000000)
  region size 1024K, 9 young (9216K), 2 survivors (2048K)
 Metaspace       used 81474K, capacity 84949K, committed 85200K, reserved 1122304K
  class space    used 10574K, capacity 11611K, committed 11648K, reserved 1048576K
}
Event: 35.133 GC heap after
{Heap after GC invocations=48 (full 0):
 garbage-first heap   total 152576K, used 126188K [0x00000000a0000000, 0x0000000100000000)
  region size 1024K, 1 young (1024K), 1 survivors (1024K)
 Metaspace       used 81474K, capacity 84949K, committed 85200K, reserved 1122304K
  class space    used 10574K, capacity 11611K, committed 11648K, reserved 1048576K
}
Event: 35.473 GC heap before
{Heap before GC invocations=49 (full 0):
 garbage-first heap   total 152576K, used 132332K [0x00000000a0000000, 0x0000000100000000)
  region size 1024K, 7 young (7168K), 1 survivors (1024K)
 Metaspace       used 81820K, capacity 85323K, committed 85584K, reserved 1124352K
  class space    used 10622K, capacity 11712K, committed 11776K, reserved 1048576K
}
Event: 35.476 GC heap after
{Heap after GC invocations=50 (full 0):
 garbage-first heap   total 152576K, used 126744K [0x00000000a0000000, 0x0000000100000000)
  region size 1024K, 1 young (1024K), 1 survivors (1024K)
 Metaspace       used 81820K, capacity 85323K, committed 85584K, reserved 1124352K
  class space    used 10622K, capacity 11712K, committed 11776K, reserved 1048576K
}
Event: 35.547 GC heap before
{Heap before GC invocations=50 (full 0):
 garbage-first heap   total 152576K, used 132888K [0x00000000a0000000, 0x0000000100000000)
  region size 1024K, 7 young (7168K), 1 survivors (1024K)
 Metaspace       used 81847K, capacity 85401K, committed 85584K, reserved 1124352K
  class space    used 10627K, capacity 11718K, committed 11776K, reserved 1048576K
}
Event: 35.550 GC heap after
{Heap after GC invocations=51 (full 0):
 garbage-first heap   total 152576K, used 127059K [0x00000000a0000000, 0x0000000100000000)
  region size 1024K, 1 young (1024K), 1 survivors (1024K)
 Metaspace       used 81847K, capacity 85401K, committed 85584K, reserved 1124352K
  class space    used 10627K, capacity 11718K, committed 11776K, reserved 1048576K
}
Event: 35.792 GC heap before
{Heap before GC invocations=51 (full 0):
 garbage-first heap   total 152576K, used 133203K [0x00000000a0000000, 0x0000000100000000)
  region size 1024K, 7 young (7168K), 1 survivors (1024K)
 Metaspace       used 81997K, capacity 85653K, committed 85840K, reserved 1124352K
  class space    used 10652K, capacity 11772K, committed 11776K, reserved 1048576K
}
Event: 35.798 GC heap after
{Heap after GC invocations=52 (full 0):
 garbage-first heap   total 152576K, used 128797K [0x00000000a0000000, 0x0000000100000000)
  region size 1024K, 1 young (1024K), 1 survivors (1024K)
 Metaspace       used 81997K, capacity 85653K, committed 85840K, reserved 1124352K
  class space    used 10652K, capacity 11772K, committed 11776K, reserved 1048576K
}
Event: 35.983 GC heap before
{Heap before GC invocations=53 (full 0):
 garbage-first heap   total 152576K, used 134941K [0x00000000a0000000, 0x0000000100000000)
  region size 1024K, 7 young (7168K), 1 survivors (1024K)
 Metaspace       used 82028K, capacity 85786K, committed 85840K, reserved 1124352K
  class space    used 10654K, capacity 11774K, committed 11776K, reserved 1048576K
}
Event: 35.987 GC heap after
{Heap after GC invocations=54 (full 0):
 garbage-first heap   total 152576K, used 129237K [0x00000000a0000000, 0x0000000100000000)
  region size 1024K, 1 young (1024K), 1 survivors (1024K)
 Metaspace       used 82028K, capacity 85786K, committed 85840K, reserved 1124352K
  class space    used 10654K, capacity 11774K, committed 11776K, reserved 1048576K
}
Event: 36.115 GC heap before
{Heap before GC invocations=54 (full 0):
 garbage-first heap   total 152576K, used 134357K [0x00000000a0000000, 0x0000000100000000)
  region size 1024K, 7 young (7168K), 1 survivors (1024K)
 Metaspace       used 82109K, capacity 85907K, committed 86224K, reserved 1124352K
  class space    used 10667K, capacity 11814K, committed 11904K, reserved 1048576K
}
Event: 36.127 GC heap after
{Heap after GC invocations=55 (full 0):
 garbage-first heap   total 183296K, used 130393K [0x00000000a0000000, 0x0000000100000000)
  region size 1024K, 1 young (1024K), 1 survivors (1024K)
 Metaspace       used 82109K, capacity 85907K, committed 86224K, reserved 1124352K
  class space    used 10667K, capacity 11814K, committed 11904K, reserved 1048576K
}
Event: 36.731 GC heap before
{Heap before GC invocations=56 (full 0):
 garbage-first heap   total 183296K, used 143705K [0x00000000a0000000, 0x0000000100000000)
  region size 1024K, 15 young (15360K), 1 survivors (1024K)
 Metaspace       used 82195K, capacity 86017K, committed 86224K, reserved 1124352K
  class space    used 10679K, capacity 11828K, committed 11904K, reserved 1048576K
}
Event: 36.740 GC heap after
{Heap after GC invocations=57 (full 0):
 garbage-first heap   total 183296K, used 131946K [0x00000000a0000000, 0x0000000100000000)
  region size 1024K, 2 young (2048K), 2 survivors (2048K)
 Metaspace       used 82195K, capacity 86017K, committed 86224K, reserved 1124352K
  class space    used 10679K, capacity 11828K, committed 11904K, reserved 1048576K
}
Event: 36.885 GC heap before
{Heap before GC invocations=57 (full 0):
 garbage-first heap   total 183296K, used 140138K [0x00000000a0000000, 0x0000000100000000)
  region size 1024K, 11 young (11264K), 2 survivors (2048K)
 Metaspace       used 82293K, capacity 86181K, committed 86224K, reserved 1124352K
  class space    used 10685K, capacity 11862K, committed 11904K, reserved 1048576K
}
Event: 36.901 GC heap after
{Heap after GC invocations=58 (full 0):
 garbage-first heap   total 183296K, used 133855K [0x00000000a0000000, 0x0000000100000000)
  region size 1024K, 3 young (3072K), 3 survivors (3072K)
 Metaspace       used 82293K, capacity 86181K, committed 86224K, reserved 1124352K
  class space    used 10685K, capacity 11862K, committed 11904K, reserved 1048576K
}
Event: 37.538 GC heap before
{Heap before GC invocations=59 (full 0):
 garbage-first heap   total 183296K, used 149215K [0x00000000a0000000, 0x0000000100000000)
  region size 1024K, 16 young (16384K), 3 survivors (3072K)
 Metaspace       used 82349K, capacity 86272K, committed 86480K, reserved 1124352K
  class space    used 10692K, capacity 11871K, committed 11904K, reserved 1048576K
}
Event: 37.546 GC heap after
{Heap after GC invocations=60 (full 0):
 garbage-first heap   total 183296K, used 137974K [0x00000000a0000000, 0x0000000100000000)
  region size 1024K, 2 young (2048K), 2 survivors (2048K)
 Metaspace       used 82349K, capacity 86272K, committed 86480K, reserved 1124352K
  class space    used 10692K, capacity 11871K, committed 11904K, reserved 1048576K
}
Event: 37.974 GC heap before
{Heap before GC invocations=60 (full 0):
 garbage-first heap   total 183296K, used 151286K [0x00000000a0000000, 0x0000000100000000)
  region size 1024K, 15 young (15360K), 2 survivors (2048K)
 Metaspace       used 83035K, capacity 87088K, committed 87376K, reserved 1124352K
  class space    used 10779K, capacity 11950K, committed 12032K, reserved 1048576K
}

