# JRE version: OpenJDK Runtime Environment (11.0.15) (build 11.0.15+0-b2043.56-9505619)
# Java VM: OpenJDK 64-Bit Server VM (11.0.15+0-b2043.56-9505619, mixed mode, tiered, compressed oops, g1 gc, windows-amd64)
Heap:
 garbage-first heap   total 297984K, used 198740K [0x00000000a0000000, 0x0000000100000000)
  region size 1024K, 14 young (14336K), 4 survivors (4096K)
 Metaspace       used 93793K, capacity 98626K, committed 98768K, reserved 1134592K
  class space    used 12254K, capacity 13662K, committed 13696K, reserved 1048576K
GC Heap History (20 events):
Event: 50.513 GC heap before
{Heap before GC invocations=64 (full 0):
 garbage-first heap   total 183296K, used 151107K [0x00000000a0000000, 0x0000000100000000)
  region size 1024K, 14 young (14336K), 2 survivors (2048K)
 Metaspace       used 82484K, capacity 86464K, committed 86608K, reserved 1124352K
  class space    used 10709K, capacity 11912K, committed 12032K, reserved 1048576K
}
Event: 50.535 GC heap after
{Heap after GC invocations=65 (full 0):
 garbage-first heap   total 183296K, used 142157K [0x00000000a0000000, 0x0000000100000000)
  region size 1024K, 2 young (2048K), 2 survivors (2048K)
 Metaspace       used 82484K, capacity 86464K, committed 86608K, reserved 1124352K
  class space    used 10709K, capacity 11912K, committed 12032K, reserved 1048576K
}
Event: 51.174 GC heap before
{Heap before GC invocations=66 (full 0):
 garbage-first heap   total 183296K, used 155469K [0x00000000a0000000, 0x0000000100000000)
  region size 1024K, 14 young (14336K), 2 survivors (2048K)
 Metaspace       used 82532K, capacity 86555K, committed 86864K, reserved 1124352K
  class space    used 10717K, capacity 11921K, committed 12032K, reserved 1048576K
}
Event: 51.184 GC heap after
{Heap after GC invocations=67 (full 0):
 garbage-first heap   total 247808K, used 146296K [0x00000000a0000000, 0x0000000100000000)
  region size 1024K, 2 young (2048K), 2 survivors (2048K)
 Metaspace       used 82532K, capacity 86555K, committed 86864K, reserved 1124352K
  class space    used 10717K, capacity 11921K, committed 12032K, reserved 1048576K
}
Event: 52.578 GC heap before
{Heap before GC invocations=67 (full 0):
 garbage-first heap   total 247808K, used 175992K [0x00000000a0000000, 0x0000000100000000)
  region size 1024K, 31 young (31744K), 2 survivors (2048K)
 Metaspace       used 82847K, capacity 87230K, committed 87504K, reserved 1124352K
  class space    used 10772K, capacity 12033K, committed 12160K, reserved 1048576K
}
Event: 52.595 GC heap after
{Heap after GC invocations=68 (full 0):
 garbage-first heap   total 247808K, used 150781K [0x00000000a0000000, 0x0000000100000000)
  region size 1024K, 4 young (4096K), 4 survivors (4096K)
 Metaspace       used 82847K, capacity 87230K, committed 87504K, reserved 1124352K
  class space    used 10772K, capacity 12033K, committed 12160K, reserved 1048576K
}
Event: 53.800 GC heap before
{Heap before GC invocations=69 (full 0):
 garbage-first heap   total 247808K, used 181501K [0x00000000a0000000, 0x0000000100000000)
  region size 1024K, 34 young (34816K), 4 survivors (4096K)
 Metaspace       used 84418K, capacity 88814K, committed 88912K, reserved 1126400K
  class space    used 10973K, capacity 12271K, committed 12288K, reserved 1048576K
}
Event: 53.825 GC heap after
{Heap after GC invocations=70 (full 0):
 garbage-first heap   total 247808K, used 156389K [0x00000000a0000000, 0x0000000100000000)
  region size 1024K, 5 young (5120K), 5 survivors (5120K)
 Metaspace       used 84418K, capacity 88814K, committed 88912K, reserved 1126400K
  class space    used 10973K, capacity 12271K, committed 12288K, reserved 1048576K
}
Event: 55.346 GC heap before
{Heap before GC invocations=70 (full 0):
 garbage-first heap   total 247808K, used 187109K [0x00000000a0000000, 0x0000000100000000)
  region size 1024K, 35 young (35840K), 5 survivors (5120K)
 Metaspace       used 87219K, capacity 91703K, committed 91984K, reserved 1128448K
  class space    used 11412K, capacity 12711K, committed 12800K, reserved 1048576K
}
Event: 55.423 GC heap after
{Heap after GC invocations=71 (full 0):
 garbage-first heap   total 247808K, used 158604K [0x00000000a0000000, 0x0000000100000000)
  region size 1024K, 2 young (2048K), 2 survivors (2048K)
 Metaspace       used 87219K, capacity 91703K, committed 91984K, reserved 1128448K
  class space    used 11412K, capacity 12711K, committed 12800K, reserved 1048576K
}
Event: 57.093 GC heap before
{Heap before GC invocations=72 (full 0):
 garbage-first heap   total 247808K, used 190348K [0x00000000a0000000, 0x0000000100000000)
  region size 1024K, 33 young (33792K), 2 survivors (2048K)
 Metaspace       used 90364K, capacity 94829K, committed 94928K, reserved 1130496K
  class space    used 11777K, capacity 13098K, committed 13184K, reserved 1048576K
}
Event: 57.119 GC heap after
{Heap after GC invocations=73 (full 0):
 garbage-first heap   total 247808K, used 161167K [0x00000000a0000000, 0x0000000100000000)
  region size 1024K, 5 young (5120K), 5 survivors (5120K)
 Metaspace       used 90364K, capacity 94829K, committed 94928K, reserved 1130496K
  class space    used 11777K, capacity 13098K, committed 13184K, reserved 1048576K
}
Event: 58.164 GC heap before
{Heap before GC invocations=73 (full 0):
 garbage-first heap   total 247808K, used 193935K [0x00000000a0000000, 0x0000000100000000)
  region size 1024K, 37 young (37888K), 5 survivors (5120K)
 Metaspace       used 91080K, capacity 95642K, committed 95696K, reserved 1132544K
  class space    used 11828K, capacity 13173K, committed 13184K, reserved 1048576K
}
Event: 58.192 GC heap after
{Heap after GC invocations=74 (full 0):
 garbage-first heap   total 247808K, used 170296K [0x00000000a0000000, 0x0000000100000000)
  region size 1024K, 5 young (5120K), 5 survivors (5120K)
 Metaspace       used 91080K, capacity 95642K, committed 95696K, reserved 1132544K
  class space    used 11828K, capacity 13173K, committed 13184K, reserved 1048576K
}
Event: 59.370 GC heap before
{Heap before GC invocations=75 (full 0):
 garbage-first heap   total 247808K, used 198968K [0x00000000a0000000, 0x0000000100000000)
  region size 1024K, 33 young (33792K), 5 survivors (5120K)
 Metaspace       used 91436K, capacity 96044K, committed 96336K, reserved 1132544K
  class space    used 11864K, capacity 13194K, committed 13312K, reserved 1048576K
}
Event: 59.398 GC heap after
{Heap after GC invocations=76 (full 0):
 garbage-first heap   total 247808K, used 179515K [0x00000000a0000000, 0x0000000100000000)
  region size 1024K, 5 young (5120K), 5 survivors (5120K)
 Metaspace       used 91436K, capacity 96044K, committed 96336K, reserved 1132544K
  class space    used 11864K, capacity 13194K, committed 13312K, reserved 1048576K
}
Event: 60.044 GC heap before
{Heap before GC invocations=76 (full 0):
 garbage-first heap   total 247808K, used 203067K [0x00000000a0000000, 0x0000000100000000)
  region size 1024K, 28 young (28672K), 5 survivors (5120K)
 Metaspace       used 91898K, capacity 96567K, committed 96848K, reserved 1132544K
  class space    used 11920K, capacity 13255K, committed 13312K, reserved 1048576K
}
Event: 60.069 GC heap after
{Heap after GC invocations=77 (full 0):
 garbage-first heap   total 297984K, used 184724K [0x00000000a0000000, 0x0000000100000000)
  region size 1024K, 4 young (4096K), 4 survivors (4096K)
 Metaspace       used 91898K, capacity 96567K, committed 96848K, reserved 1132544K
  class space    used 11920K, capacity 13255K, committed 13312K, reserved 1048576K
}
Event: 62.858 GC heap before
{Heap before GC invocations=78 (full 0):
 garbage-first heap   total 297984K, used 212372K [0x00000000a0000000, 0x0000000100000000)
  region size 1024K, 33 young (33792K), 4 survivors (4096K)
 Metaspace       used 93311K, capacity 98136K, committed 98256K, reserved 1134592K
  class space    used 12172K, capacity 13580K, committed 13696K, reserved 1048576K
}
Event: 62.883 GC heap after
{Heap after GC invocations=79 (full 0):
 garbage-first heap   total 297984K, used 188500K [0x00000000a0000000, 0x0000000100000000)
  region size 1024K, 4 young (4096K), 4 survivors (4096K)
 Metaspace       used 93311K, capacity 98136K, committed 98256K, reserved 1134592K
  class space    used 12172K, capacity 13580K, committed 13696K, reserved 1048576K
}

