# JRE version: OpenJDK Runtime Environment (11.0.15) (build 11.0.15+0-b2043.56-9505619)
# Java VM: OpenJDK 64-Bit Server VM (11.0.15+0-b2043.56-9505619, mixed mode, tiered, compressed oops, g1 gc, windows-amd64)
Heap:
 garbage-first heap   total 126976K, used 51736K [0x00000000a0000000, 0x0000000100000000)
  region size 1024K, 30 young (30720K), 7 survivors (7168K)
 Metaspace       used 44585K, capacity 45643K, committed 45776K, reserved 1089536K
  class space    used 5597K, capacity 5980K, committed 6016K, reserved 1048576K
GC Heap History (16 events):
Event: 1.308 GC heap before
{Heap before GC invocations=0 (full 0):
 garbage-first heap   total 126976K, used 30720K [0x00000000a0000000, 0x0000000100000000)
  region size 1024K, 24 young (24576K), 0 survivors (0K)
 Metaspace       used 9832K, capacity 10058K, committed 10112K, reserved 1058816K
  class space    used 1008K, capacity 1102K, committed 1152K, reserved 1048576K
}
Event: 1.319 GC heap after
{Heap after GC invocations=1 (full 0):
 garbage-first heap   total 126976K, used 9216K [0x00000000a0000000, 0x0000000100000000)
  region size 1024K, 3 young (3072K), 3 survivors (3072K)
 Metaspace       used 9832K, capacity 10058K, committed 10112K, reserved 1058816K
  class space    used 1008K, capacity 1102K, committed 1152K, reserved 1048576K
}
Event: 4.125 GC heap before
{Heap before GC invocations=1 (full 0):
 garbage-first heap   total 126976K, used 82944K [0x00000000a0000000, 0x0000000100000000)
  region size 1024K, 74 young (75776K), 3 survivors (3072K)
 Metaspace       used 18263K, capacity 18719K, committed 19072K, reserved 1067008K
  class space    used 2151K, capacity 2308K, committed 2432K, reserved 1048576K
}
Event: 4.197 GC heap after
{Heap after GC invocations=2 (full 0):
 garbage-first heap   total 126976K, used 16332K [0x00000000a0000000, 0x0000000100000000)
  region size 1024K, 10 young (10240K), 10 survivors (10240K)
 Metaspace       used 18263K, capacity 18719K, committed 19072K, reserved 1067008K
  class space    used 2151K, capacity 2308K, committed 2432K, reserved 1048576K
}
Event: 4.667 GC heap before
{Heap before GC invocations=2 (full 0):
 garbage-first heap   total 126976K, used 33740K [0x00000000a0000000, 0x0000000100000000)
  region size 1024K, 28 young (28672K), 10 survivors (10240K)
 Metaspace       used 20650K, capacity 21130K, committed 21296K, reserved 1069056K
  class space    used 2476K, capacity 2626K, committed 2688K, reserved 1048576K
}
Event: 4.679 GC heap after
{Heap after GC invocations=3 (full 0):
 garbage-first heap   total 126976K, used 16880K [0x00000000a0000000, 0x0000000100000000)
  region size 1024K, 1 young (1024K), 1 survivors (1024K)
 Metaspace       used 20650K, capacity 21130K, committed 21296K, reserved 1069056K
  class space    used 2476K, capacity 2626K, committed 2688K, reserved 1048576K
}
Event: 5.629 GC heap before
{Heap before GC invocations=4 (full 0):
 garbage-first heap   total 126976K, used 61936K [0x00000000a0000000, 0x0000000100000000)
  region size 1024K, 46 young (47104K), 1 survivors (1024K)
 Metaspace       used 25403K, capacity 25904K, committed 26160K, reserved 1073152K
  class space    used 3253K, capacity 3453K, committed 3456K, reserved 1048576K
}
Event: 5.634 GC heap after
{Heap after GC invocations=5 (full 0):
 garbage-first heap   total 126976K, used 18495K [0x00000000a0000000, 0x0000000100000000)
  region size 1024K, 3 young (3072K), 3 survivors (3072K)
 Metaspace       used 25403K, capacity 25904K, committed 26160K, reserved 1073152K
  class space    used 3253K, capacity 3453K, committed 3456K, reserved 1048576K
}
Event: 6.554 GC heap before
{Heap before GC invocations=5 (full 0):
 garbage-first heap   total 126976K, used 68671K [0x00000000a0000000, 0x0000000100000000)
  region size 1024K, 52 young (53248K), 3 survivors (3072K)
 Metaspace       used 30092K, capacity 30794K, committed 31024K, reserved 1077248K
  class space    used 3959K, capacity 4217K, committed 4224K, reserved 1048576K
}
Event: 6.559 GC heap after
{Heap after GC invocations=6 (full 0):
 garbage-first heap   total 126976K, used 19860K [0x00000000a0000000, 0x0000000100000000)
  region size 1024K, 4 young (4096K), 4 survivors (4096K)
 Metaspace       used 30092K, capacity 30794K, committed 31024K, reserved 1077248K
  class space    used 3959K, capacity 4217K, committed 4224K, reserved 1048576K
}
Event: 7.316 GC heap before
{Heap before GC invocations=6 (full 0):
 garbage-first heap   total 126976K, used 37268K [0x00000000a0000000, 0x0000000100000000)
  region size 1024K, 22 young (22528K), 4 survivors (4096K)
 Metaspace       used 34995K, capacity 35781K, committed 35920K, reserved 1081344K
  class space    used 4459K, capacity 4774K, committed 4864K, reserved 1048576K
}
Event: 7.328 GC heap after
{Heap after GC invocations=7 (full 0):
 garbage-first heap   total 126976K, used 22242K [0x00000000a0000000, 0x0000000100000000)
  region size 1024K, 7 young (7168K), 7 survivors (7168K)
 Metaspace       used 34995K, capacity 35781K, committed 35920K, reserved 1081344K
  class space    used 4459K, capacity 4774K, committed 4864K, reserved 1048576K
}
Event: 8.234 GC heap before
{Heap before GC invocations=8 (full 0):
 garbage-first heap   total 126976K, used 73442K [0x00000000a0000000, 0x0000000100000000)
  region size 1024K, 55 young (56320K), 7 survivors (7168K)
 Metaspace       used 39512K, capacity 40459K, committed 40784K, reserved 1085440K
  class space    used 4937K, capacity 5304K, committed 5376K, reserved 1048576K
}
Event: 8.245 GC heap after
{Heap after GC invocations=9 (full 0):
 garbage-first heap   total 126976K, used 26134K [0x00000000a0000000, 0x0000000100000000)
  region size 1024K, 7 young (7168K), 7 survivors (7168K)
 Metaspace       used 39512K, capacity 40459K, committed 40784K, reserved 1085440K
  class space    used 4937K, capacity 5304K, committed 5376K, reserved 1048576K
}
Event: 9.294 GC heap before
{Heap before GC invocations=9 (full 0):
 garbage-first heap   total 126976K, used 77334K [0x00000000a0000000, 0x0000000100000000)
  region size 1024K, 57 young (58368K), 7 survivors (7168K)
 Metaspace       used 43648K, capacity 44646K, committed 44880K, reserved 1089536K
  class space    used 5447K, capacity 5838K, committed 5888K, reserved 1048576K
}
Event: 9.309 GC heap after
{Heap after GC invocations=10 (full 0):
 garbage-first heap   total 126976K, used 29208K [0x00000000a0000000, 0x0000000100000000)
  region size 1024K, 7 young (7168K), 7 survivors (7168K)
 Metaspace       used 43648K, capacity 44646K, committed 44880K, reserved 1089536K
  class space    used 5447K, capacity 5838K, committed 5888K, reserved 1048576K
}

